<?xml version="1.0" encoding="UTF-8"?>
<robot generator="Robot 7.3 (Python 3.12.7 on win32)" generated="2025-07-31T12:17:39.930394" rpa="false" schemaversion="5">
<suite id="s1" name="Cadastro Dogwalker" source="E:\WorkSpace\Running-to-QA\walkdog\tests\cadastro_dogwalker.robot">
<test id="s1-t1" name="Cadastro com sucesso" line="7">
<kw name="Abrir o site" owner="keywords" type="SETUP">
<kw name="Evaluate" owner="BuiltIn">
<msg time="2025-07-31T12:17:40.363787" level="INFO">${chrome_options} = &lt;selenium.webdriver.chrome.options.Options object at 0x0000019312E67B00&gt;</msg>
<var>${chrome_options}</var>
<arg>sys.modules['selenium.webdriver'].ChromeOptions()</arg>
<arg>sys, selenium.webdriver</arg>
<doc>Evaluates the given expression in Python and returns the result.</doc>
<status status="PASS" start="2025-07-31T12:17:40.362786" elapsed="0.001001"/>
</kw>
<kw name="Call Method" owner="BuiltIn">
<arg>${chrome_options}</arg>
<arg>add_argument</arg>
<arg>--headless</arg>
<doc>Calls the named method of the given object with the provided arguments.</doc>
<status status="PASS" start="2025-07-31T12:17:40.363787" elapsed="0.000000"/>
</kw>
<kw name="Call Method" owner="BuiltIn">
<arg>${chrome_options}</arg>
<arg>add_argument</arg>
<arg>--no-sandbox</arg>
<doc>Calls the named method of the given object with the provided arguments.</doc>
<status status="PASS" start="2025-07-31T12:17:40.363787" elapsed="0.000000"/>
</kw>
<kw name="Call Method" owner="BuiltIn">
<arg>${chrome_options}</arg>
<arg>add_argument</arg>
<arg>--disable-dev-shm-usage</arg>
<doc>Calls the named method of the given object with the provided arguments.</doc>
<status status="PASS" start="2025-07-31T12:17:40.363787" elapsed="0.000000"/>
</kw>
<kw name="Create Webdriver" owner="SeleniumLibrary">
<msg time="2025-07-31T12:17:40.363787" level="INFO">Creating an instance of the Chrome WebDriver.</msg>
<arg>Chrome</arg>
<arg>options=${chrome_options}</arg>
<doc>Creates an instance of Selenium WebDriver.</doc>
<status status="PASS" start="2025-07-31T12:17:40.363787" elapsed="2.506634"/>
</kw>
<kw name="Go To" owner="SeleniumLibrary">
<msg time="2025-07-31T12:17:42.870421" level="INFO">Opening url 'https://walkdog.vercel.app/signup'</msg>
<arg>${URL}</arg>
<doc>Navigates the current browser window to the provided ``url``.</doc>
<status status="PASS" start="2025-07-31T12:17:42.870421" elapsed="0.734379"/>
</kw>
<kw name="Maximize Browser Window" owner="SeleniumLibrary">
<doc>Maximizes current browser window.</doc>
<status status="PASS" start="2025-07-31T12:17:43.605799" elapsed="0.017539"/>
</kw>
<kw name="Wait Until Element Is Visible" owner="SeleniumLibrary">
<arg>css:input[name="name"]</arg>
<arg>timeout=30s</arg>
<doc>Waits until the element ``locator`` is visible.</doc>
<status status="PASS" start="2025-07-31T12:17:43.623338" elapsed="0.018021"/>
</kw>
<status status="PASS" start="2025-07-31T12:17:40.362786" elapsed="3.279574"/>
</kw>
<kw name="Preencher dados válidos" owner="keywords">
<kw name="Input Text" owner="SeleniumLibrary">
<msg time="2025-07-31T12:17:43.642360" level="INFO">Typing text 'João da Silva' into text field 'css:input[name="name"]'.</msg>
<arg>css:input[name="name"]</arg>
<arg>João da Silva</arg>
<doc>Types the given ``text`` into the text field identified by ``locator``.</doc>
<status status="PASS" start="2025-07-31T12:17:43.642360" elapsed="0.078175"/>
</kw>
<kw name="Input Text" owner="SeleniumLibrary">
<msg time="2025-07-31T12:17:43.720535" level="INFO">Typing text 'joao@teste.com' into text field 'css:input[name="email"]'.</msg>
<arg>css:input[name="email"]</arg>
<arg>joao@teste.com</arg>
<doc>Types the given ``text`` into the text field identified by ``locator``.</doc>
<status status="PASS" start="2025-07-31T12:17:43.720535" elapsed="0.057135"/>
</kw>
<kw name="Input Text" owner="SeleniumLibrary">
<msg time="2025-07-31T12:17:43.777670" level="INFO">Typing text '12345678909' into text field 'css:input[name="cpf"]'.</msg>
<arg>css:input[name="cpf"]</arg>
<arg>12345678909</arg>
<doc>Types the given ``text`` into the text field identified by ``locator``.</doc>
<status status="PASS" start="2025-07-31T12:17:43.777670" elapsed="0.054327"/>
</kw>
<kw name="Input Text" owner="SeleniumLibrary">
<msg time="2025-07-31T12:17:43.831997" level="INFO">Typing text '01310930' into text field 'css:input[name="cep"]'.</msg>
<arg>css:input[name="cep"]</arg>
<arg>01310930</arg>
<doc>Types the given ``text`` into the text field identified by ``locator``.</doc>
<status status="PASS" start="2025-07-31T12:17:43.831997" elapsed="0.070605"/>
</kw>
<kw name="Click Button" owner="SeleniumLibrary">
<msg time="2025-07-31T12:17:43.902602" level="INFO">Clicking button 'css:input[value="Buscar CEP"]'.</msg>
<arg>css:input[value="Buscar CEP"]</arg>
<doc>Clicks the button identified by ``locator``.</doc>
<status status="PASS" start="2025-07-31T12:17:43.902602" elapsed="0.059589"/>
</kw>
<kw name="Sleep" owner="BuiltIn">
<msg time="2025-07-31T12:17:45.963455" level="INFO">Slept 2 seconds.</msg>
<arg>2s</arg>
<doc>Pauses the test executed for the given time.</doc>
<status status="PASS" start="2025-07-31T12:17:43.962191" elapsed="2.001264"/>
</kw>
<kw name="Input Text" owner="SeleniumLibrary">
<msg time="2025-07-31T12:17:45.963966" level="INFO">Typing text '123' into text field 'css:input[name="addressNumber"]'.</msg>
<arg>css:input[name="addressNumber"]</arg>
<arg>123</arg>
<doc>Types the given ``text`` into the text field identified by ``locator``.</doc>
<status status="PASS" start="2025-07-31T12:17:45.963455" elapsed="0.045243"/>
</kw>
<kw name="Input Text" owner="SeleniumLibrary">
<msg time="2025-07-31T12:17:46.009733" level="INFO">Typing text 'Apto 42' into text field 'css:input[name="addressDetails"]'.</msg>
<arg>css:input[name="addressDetails"]</arg>
<arg>Apto 42</arg>
<doc>Types the given ``text`` into the text field identified by ``locator``.</doc>
<status status="PASS" start="2025-07-31T12:17:46.008698" elapsed="0.043999"/>
</kw>
<kw name="Choose File" owner="SeleniumLibrary">
<msg time="2025-07-31T12:17:46.052697" level="INFO">Sending E:\WorkSpace\Running-to-QA\walkdog\test_data\document.png to browser.</msg>
<arg>css:input[type="file"]</arg>
<arg>${DOCUMENTO}</arg>
<doc>Inputs the ``file_path`` into the file input field ``locator``.</doc>
<status status="PASS" start="2025-07-31T12:17:46.052697" elapsed="0.021581"/>
</kw>
<status status="PASS" start="2025-07-31T12:17:43.642360" elapsed="2.431918"/>
</kw>
<kw name="Submeter formulário" owner="keywords">
<kw name="Click Button" owner="SeleniumLibrary">
<msg time="2025-07-31T12:17:46.075278" level="INFO">Clicking button 'xpath=//button[contains(text(), "Cadastrar")]'.</msg>
<arg>xpath=//button[contains(text(), "Cadastrar")]</arg>
<doc>Clicks the button identified by ``locator``.</doc>
<status status="PASS" start="2025-07-31T12:17:46.074278" elapsed="0.058508"/>
</kw>
<status status="PASS" start="2025-07-31T12:17:46.074278" elapsed="0.058508"/>
</kw>
<kw name="Mensagem deve conter" owner="keywords">
<kw name="Wait Until Page Contains" owner="SeleniumLibrary">
<arg>${texto}</arg>
<doc>Waits until ``text`` appears on the current page.</doc>
<status status="PASS" start="2025-07-31T12:17:46.133786" elapsed="0.624889"/>
</kw>
<arg>Recebemos o seu cadastro</arg>
<status status="PASS" start="2025-07-31T12:17:46.132786" elapsed="0.625889"/>
</kw>
<kw name="Close Browser" owner="SeleniumLibrary" type="TEARDOWN">
<doc>Closes the current browser.</doc>
<status status="PASS" start="2025-07-31T12:17:46.759675" elapsed="2.135447"/>
</kw>
<tag>positivo</tag>
<status status="PASS" start="2025-07-31T12:17:40.361786" elapsed="8.533336"/>
</test>
<test id="s1-t2" name="CPF inválido" line="13">
<kw name="Abrir o site" owner="keywords" type="SETUP">
<kw name="Evaluate" owner="BuiltIn">
<msg time="2025-07-31T12:17:48.897124" level="INFO">${chrome_options} = &lt;selenium.webdriver.chrome.options.Options object at 0x00000193131E7DD0&gt;</msg>
<var>${chrome_options}</var>
<arg>sys.modules['selenium.webdriver'].ChromeOptions()</arg>
<arg>sys, selenium.webdriver</arg>
<doc>Evaluates the given expression in Python and returns the result.</doc>
<status status="PASS" start="2025-07-31T12:17:48.897124" elapsed="0.000000"/>
</kw>
<kw name="Call Method" owner="BuiltIn">
<arg>${chrome_options}</arg>
<arg>add_argument</arg>
<arg>--headless</arg>
<doc>Calls the named method of the given object with the provided arguments.</doc>
<status status="PASS" start="2025-07-31T12:17:48.897124" elapsed="0.000000"/>
</kw>
<kw name="Call Method" owner="BuiltIn">
<arg>${chrome_options}</arg>
<arg>add_argument</arg>
<arg>--no-sandbox</arg>
<doc>Calls the named method of the given object with the provided arguments.</doc>
<status status="PASS" start="2025-07-31T12:17:48.897124" elapsed="0.000999"/>
</kw>
<kw name="Call Method" owner="BuiltIn">
<arg>${chrome_options}</arg>
<arg>add_argument</arg>
<arg>--disable-dev-shm-usage</arg>
<doc>Calls the named method of the given object with the provided arguments.</doc>
<status status="PASS" start="2025-07-31T12:17:48.898123" elapsed="0.000000"/>
</kw>
<kw name="Create Webdriver" owner="SeleniumLibrary">
<msg time="2025-07-31T12:17:48.898123" level="INFO">Creating an instance of the Chrome WebDriver.</msg>
<arg>Chrome</arg>
<arg>options=${chrome_options}</arg>
<doc>Creates an instance of Selenium WebDriver.</doc>
<status status="PASS" start="2025-07-31T12:17:48.898123" elapsed="1.245778"/>
</kw>
<kw name="Go To" owner="SeleniumLibrary">
<msg time="2025-07-31T12:17:50.143901" level="INFO">Opening url 'https://walkdog.vercel.app/signup'</msg>
<arg>${URL}</arg>
<doc>Navigates the current browser window to the provided ``url``.</doc>
<status status="PASS" start="2025-07-31T12:17:50.143901" elapsed="0.552417"/>
</kw>
<kw name="Maximize Browser Window" owner="SeleniumLibrary">
<doc>Maximizes current browser window.</doc>
<status status="PASS" start="2025-07-31T12:17:50.696318" elapsed="0.019500"/>
</kw>
<kw name="Wait Until Element Is Visible" owner="SeleniumLibrary">
<arg>css:input[name="name"]</arg>
<arg>timeout=30s</arg>
<doc>Waits until the element ``locator`` is visible.</doc>
<status status="PASS" start="2025-07-31T12:17:50.716817" elapsed="0.012630"/>
</kw>
<status status="PASS" start="2025-07-31T12:17:48.896125" elapsed="1.833322"/>
</kw>
<kw name="Preencher CPF inválido" owner="keywords">
<kw name="Input Text" owner="SeleniumLibrary">
<msg time="2025-07-31T12:17:50.730954" level="INFO">Typing text 'Maria Teste' into text field 'css:input[name="name"]'.</msg>
<arg>css:input[name="name"]</arg>
<arg>Maria Teste</arg>
<doc>Types the given ``text`` into the text field identified by ``locator``.</doc>
<status status="PASS" start="2025-07-31T12:17:50.730954" elapsed="0.069612"/>
</kw>
<kw name="Input Text" owner="SeleniumLibrary">
<msg time="2025-07-31T12:17:50.800566" level="INFO">Typing text 'maria@teste.com' into text field 'css:input[name="email"]'.</msg>
<arg>css:input[name="email"]</arg>
<arg>maria@teste.com</arg>
<doc>Types the given ``text`` into the text field identified by ``locator``.</doc>
<status status="PASS" start="2025-07-31T12:17:50.800566" elapsed="0.052566"/>
</kw>
<kw name="Input Text" owner="SeleniumLibrary">
<msg time="2025-07-31T12:17:50.854132" level="INFO">Typing text '123456' into text field 'css:input[name="cpf"]'.</msg>
<arg>css:input[name="cpf"]</arg>
<arg>123456</arg>
<doc>Types the given ``text`` into the text field identified by ``locator``.</doc>
<status status="PASS" start="2025-07-31T12:17:50.854132" elapsed="0.045046"/>
</kw>
<kw name="Input Text" owner="SeleniumLibrary">
<msg time="2025-07-31T12:17:50.900683" level="INFO">Typing text '01310930' into text field 'css:input[name="cep"]'.</msg>
<arg>css:input[name="cep"]</arg>
<arg>01310930</arg>
<doc>Types the given ``text`` into the text field identified by ``locator``.</doc>
<status status="PASS" start="2025-07-31T12:17:50.899178" elapsed="0.046891"/>
</kw>
<kw name="Click Button" owner="SeleniumLibrary">
<msg time="2025-07-31T12:17:50.946069" level="INFO">Clicking button 'css:input[value="Buscar CEP"]'.</msg>
<arg>css:input[value="Buscar CEP"]</arg>
<doc>Clicks the button identified by ``locator``.</doc>
<status status="PASS" start="2025-07-31T12:17:50.946069" elapsed="0.047494"/>
</kw>
<kw name="Sleep" owner="BuiltIn">
<msg time="2025-07-31T12:17:52.993978" level="INFO">Slept 2 seconds.</msg>
<arg>2s</arg>
<doc>Pauses the test executed for the given time.</doc>
<status status="PASS" start="2025-07-31T12:17:50.993563" elapsed="2.000415"/>
</kw>
<kw name="Input Text" owner="SeleniumLibrary">
<msg time="2025-07-31T12:17:52.993978" level="INFO">Typing text '456' into text field 'css:input[name="addressNumber"]'.</msg>
<arg>css:input[name="addressNumber"]</arg>
<arg>456</arg>
<doc>Types the given ``text`` into the text field identified by ``locator``.</doc>
<status status="PASS" start="2025-07-31T12:17:52.993978" elapsed="0.060734"/>
</kw>
<kw name="Choose File" owner="SeleniumLibrary">
<msg time="2025-07-31T12:17:53.055722" level="INFO">Sending E:\WorkSpace\Running-to-QA\walkdog\test_data\document.png to browser.</msg>
<arg>css:input[type="file"]</arg>
<arg>${DOCUMENTO}</arg>
<doc>Inputs the ``file_path`` into the file input field ``locator``.</doc>
<status status="PASS" start="2025-07-31T12:17:53.054712" elapsed="0.022288"/>
</kw>
<status status="PASS" start="2025-07-31T12:17:50.730954" elapsed="2.346046"/>
</kw>
<kw name="Submeter formulário" owner="keywords">
<kw name="Click Button" owner="SeleniumLibrary">
<msg time="2025-07-31T12:17:53.078001" level="INFO">Clicking button 'xpath=//button[contains(text(), "Cadastrar")]'.</msg>
<arg>xpath=//button[contains(text(), "Cadastrar")]</arg>
<doc>Clicks the button identified by ``locator``.</doc>
<status status="PASS" start="2025-07-31T12:17:53.078001" elapsed="0.055878"/>
</kw>
<status status="PASS" start="2025-07-31T12:17:53.078001" elapsed="0.055878"/>
</kw>
<kw name="Mensagem deve conter" owner="keywords">
<kw name="Wait Until Page Contains" owner="SeleniumLibrary">
<arg>${texto}</arg>
<doc>Waits until ``text`` appears on the current page.</doc>
<status status="PASS" start="2025-07-31T12:17:53.134884" elapsed="0.009024"/>
</kw>
<arg>CPF inválido</arg>
<status status="PASS" start="2025-07-31T12:17:53.133879" elapsed="0.011029"/>
</kw>
<kw name="Close Browser" owner="SeleniumLibrary" type="TEARDOWN">
<doc>Closes the current browser.</doc>
<status status="PASS" start="2025-07-31T12:17:53.144908" elapsed="2.183583"/>
</kw>
<tag>negativo</tag>
<status status="PASS" start="2025-07-31T12:17:48.896125" elapsed="6.432366"/>
</test>
<test id="s1-t3" name="Email inválido" line="19">
<kw name="Abrir o site" owner="keywords" type="SETUP">
<kw name="Evaluate" owner="BuiltIn">
<msg time="2025-07-31T12:17:55.329504" level="INFO">${chrome_options} = &lt;selenium.webdriver.chrome.options.Options object at 0x0000019313204EC0&gt;</msg>
<var>${chrome_options}</var>
<arg>sys.modules['selenium.webdriver'].ChromeOptions()</arg>
<arg>sys, selenium.webdriver</arg>
<doc>Evaluates the given expression in Python and returns the result.</doc>
<status status="PASS" start="2025-07-31T12:17:55.329504" elapsed="0.000000"/>
</kw>
<kw name="Call Method" owner="BuiltIn">
<arg>${chrome_options}</arg>
<arg>add_argument</arg>
<arg>--headless</arg>
<doc>Calls the named method of the given object with the provided arguments.</doc>
<status status="PASS" start="2025-07-31T12:17:55.329504" elapsed="0.000000"/>
</kw>
<kw name="Call Method" owner="BuiltIn">
<arg>${chrome_options}</arg>
<arg>add_argument</arg>
<arg>--no-sandbox</arg>
<doc>Calls the named method of the given object with the provided arguments.</doc>
<status status="PASS" start="2025-07-31T12:17:55.329504" elapsed="0.001507"/>
</kw>
<kw name="Call Method" owner="BuiltIn">
<arg>${chrome_options}</arg>
<arg>add_argument</arg>
<arg>--disable-dev-shm-usage</arg>
<doc>Calls the named method of the given object with the provided arguments.</doc>
<status status="PASS" start="2025-07-31T12:17:55.331011" elapsed="0.000000"/>
</kw>
<kw name="Create Webdriver" owner="SeleniumLibrary">
<msg time="2025-07-31T12:17:55.331011" level="INFO">Creating an instance of the Chrome WebDriver.</msg>
<arg>Chrome</arg>
<arg>options=${chrome_options}</arg>
<doc>Creates an instance of Selenium WebDriver.</doc>
<status status="PASS" start="2025-07-31T12:17:55.331011" elapsed="1.301074"/>
</kw>
<kw name="Go To" owner="SeleniumLibrary">
<msg time="2025-07-31T12:17:56.633085" level="INFO">Opening url 'https://walkdog.vercel.app/signup'</msg>
<arg>${URL}</arg>
<doc>Navigates the current browser window to the provided ``url``.</doc>
<status status="PASS" start="2025-07-31T12:17:56.632085" elapsed="0.540381"/>
</kw>
<kw name="Maximize Browser Window" owner="SeleniumLibrary">
<doc>Maximizes current browser window.</doc>
<status status="PASS" start="2025-07-31T12:17:57.172466" elapsed="0.025550"/>
</kw>
<kw name="Wait Until Element Is Visible" owner="SeleniumLibrary">
<arg>css:input[name="name"]</arg>
<arg>timeout=30s</arg>
<doc>Waits until the element ``locator`` is visible.</doc>
<status status="PASS" start="2025-07-31T12:17:57.198016" elapsed="0.013851"/>
</kw>
<status status="PASS" start="2025-07-31T12:17:55.329504" elapsed="1.882363"/>
</kw>
<kw name="Preencher email inválido" owner="keywords">
<kw name="Input Text" owner="SeleniumLibrary">
<msg time="2025-07-31T12:17:57.212867" level="INFO">Typing text 'Carlos Teste' into text field 'css:input[name="name"]'.</msg>
<arg>css:input[name="name"]</arg>
<arg>Carlos Teste</arg>
<doc>Types the given ``text`` into the text field identified by ``locator``.</doc>
<status status="PASS" start="2025-07-31T12:17:57.212867" elapsed="0.070178"/>
</kw>
<kw name="Input Text" owner="SeleniumLibrary">
<msg time="2025-07-31T12:17:57.283045" level="INFO">Typing text 'auehauehauehaeuah' into text field 'css:input[name="email"]'.</msg>
<arg>css:input[name="email"]</arg>
<arg>auehauehauehaeuah</arg>
<doc>Types the given ``text`` into the text field identified by ``locator``.</doc>
<status status="PASS" start="2025-07-31T12:17:57.283045" elapsed="0.054904"/>
</kw>
<kw name="Input Text" owner="SeleniumLibrary">
<msg time="2025-07-31T12:17:57.338949" level="INFO">Typing text '98765432100' into text field 'css:input[name="cpf"]'.</msg>
<arg>css:input[name="cpf"]</arg>
<arg>98765432100</arg>
<doc>Types the given ``text`` into the text field identified by ``locator``.</doc>
<status status="PASS" start="2025-07-31T12:17:57.337949" elapsed="0.049178"/>
</kw>
<kw name="Input Text" owner="SeleniumLibrary">
<msg time="2025-07-31T12:17:57.387127" level="INFO">Typing text '01310930' into text field 'css:input[name="cep"]'.</msg>
<arg>css:input[name="cep"]</arg>
<arg>01310930</arg>
<doc>Types the given ``text`` into the text field identified by ``locator``.</doc>
<status status="PASS" start="2025-07-31T12:17:57.387127" elapsed="0.046852"/>
</kw>
<kw name="Click Button" owner="SeleniumLibrary">
<msg time="2025-07-31T12:17:57.433979" level="INFO">Clicking button 'css:input[value="Buscar CEP"]'.</msg>
<arg>css:input[value="Buscar CEP"]</arg>
<doc>Clicks the button identified by ``locator``.</doc>
<status status="PASS" start="2025-07-31T12:17:57.433979" elapsed="0.046140"/>
</kw>
<kw name="Sleep" owner="BuiltIn">
<msg time="2025-07-31T12:17:59.480609" level="INFO">Slept 2 seconds.</msg>
<arg>2s</arg>
<doc>Pauses the test executed for the given time.</doc>
<status status="PASS" start="2025-07-31T12:17:57.480119" elapsed="2.000490"/>
</kw>
<kw name="Input Text" owner="SeleniumLibrary">
<msg time="2025-07-31T12:17:59.481116" level="INFO">Typing text '789' into text field 'css:input[name="addressNumber"]'.</msg>
<arg>css:input[name="addressNumber"]</arg>
<arg>789</arg>
<doc>Types the given ``text`` into the text field identified by ``locator``.</doc>
<status status="PASS" start="2025-07-31T12:17:59.480609" elapsed="0.045412"/>
</kw>
<kw name="Choose File" owner="SeleniumLibrary">
<msg time="2025-07-31T12:17:59.527020" level="INFO">Sending E:\WorkSpace\Running-to-QA\walkdog\test_data\document.png to browser.</msg>
<arg>css:input[type="file"]</arg>
<arg>${DOCUMENTO}</arg>
<doc>Inputs the ``file_path`` into the file input field ``locator``.</doc>
<status status="PASS" start="2025-07-31T12:17:59.526021" elapsed="0.023623"/>
</kw>
<status status="PASS" start="2025-07-31T12:17:57.212867" elapsed="2.336777"/>
</kw>
<kw name="Submeter formulário" owner="keywords">
<kw name="Click Button" owner="SeleniumLibrary">
<msg time="2025-07-31T12:17:59.549644" level="INFO">Clicking button 'xpath=//button[contains(text(), "Cadastrar")]'.</msg>
<arg>xpath=//button[contains(text(), "Cadastrar")]</arg>
<doc>Clicks the button identified by ``locator``.</doc>
<status status="PASS" start="2025-07-31T12:17:59.549644" elapsed="0.057480"/>
</kw>
<status status="PASS" start="2025-07-31T12:17:59.549644" elapsed="0.057480"/>
</kw>
<kw name="Mensagem deve conter" owner="keywords">
<kw name="Wait Until Page Contains" owner="SeleniumLibrary">
<arg>${texto}</arg>
<doc>Waits until ``text`` appears on the current page.</doc>
<status status="PASS" start="2025-07-31T12:17:59.607627" elapsed="0.007045"/>
</kw>
<arg>Informe um email válido</arg>
<status status="PASS" start="2025-07-31T12:17:59.607124" elapsed="0.007548"/>
</kw>
<kw name="Close Browser" owner="SeleniumLibrary" type="TEARDOWN">
<doc>Closes the current browser.</doc>
<status status="PASS" start="2025-07-31T12:17:59.614672" elapsed="2.142044"/>
</kw>
<tag>negativo</tag>
<status status="PASS" start="2025-07-31T12:17:55.329504" elapsed="6.427212"/>
</test>
<test id="s1-t4" name="Campos obrigatórios vazios" line="25">
<kw name="Abrir o site" owner="keywords" type="SETUP">
<kw name="Evaluate" owner="BuiltIn">
<msg time="2025-07-31T12:18:01.758719" level="INFO">${chrome_options} = &lt;selenium.webdriver.chrome.options.Options object at 0x00000193132057C0&gt;</msg>
<var>${chrome_options}</var>
<arg>sys.modules['selenium.webdriver'].ChromeOptions()</arg>
<arg>sys, selenium.webdriver</arg>
<doc>Evaluates the given expression in Python and returns the result.</doc>
<status status="PASS" start="2025-07-31T12:18:01.758719" elapsed="0.000000"/>
</kw>
<kw name="Call Method" owner="BuiltIn">
<arg>${chrome_options}</arg>
<arg>add_argument</arg>
<arg>--headless</arg>
<doc>Calls the named method of the given object with the provided arguments.</doc>
<status status="PASS" start="2025-07-31T12:18:01.758719" elapsed="0.000000"/>
</kw>
<kw name="Call Method" owner="BuiltIn">
<arg>${chrome_options}</arg>
<arg>add_argument</arg>
<arg>--no-sandbox</arg>
<doc>Calls the named method of the given object with the provided arguments.</doc>
<status status="PASS" start="2025-07-31T12:18:01.758719" elapsed="0.000000"/>
</kw>
<kw name="Call Method" owner="BuiltIn">
<arg>${chrome_options}</arg>
<arg>add_argument</arg>
<arg>--disable-dev-shm-usage</arg>
<doc>Calls the named method of the given object with the provided arguments.</doc>
<status status="PASS" start="2025-07-31T12:18:01.758719" elapsed="0.000000"/>
</kw>
<kw name="Create Webdriver" owner="SeleniumLibrary">
<msg time="2025-07-31T12:18:01.758719" level="INFO">Creating an instance of the Chrome WebDriver.</msg>
<arg>Chrome</arg>
<arg>options=${chrome_options}</arg>
<doc>Creates an instance of Selenium WebDriver.</doc>
<status status="PASS" start="2025-07-31T12:18:01.758719" elapsed="1.295400"/>
</kw>
<kw name="Go To" owner="SeleniumLibrary">
<msg time="2025-07-31T12:18:03.055120" level="INFO">Opening url 'https://walkdog.vercel.app/signup'</msg>
<arg>${URL}</arg>
<doc>Navigates the current browser window to the provided ``url``.</doc>
<status status="PASS" start="2025-07-31T12:18:03.055120" elapsed="0.528470"/>
</kw>
<kw name="Maximize Browser Window" owner="SeleniumLibrary">
<doc>Maximizes current browser window.</doc>
<status status="PASS" start="2025-07-31T12:18:03.583590" elapsed="0.019960"/>
</kw>
<kw name="Wait Until Element Is Visible" owner="SeleniumLibrary">
<arg>css:input[name="name"]</arg>
<arg>timeout=30s</arg>
<doc>Waits until the element ``locator`` is visible.</doc>
<status status="PASS" start="2025-07-31T12:18:03.603550" elapsed="0.012508"/>
</kw>
<status status="PASS" start="2025-07-31T12:18:01.758719" elapsed="1.858340"/>
</kw>
<kw name="Não preencher nenhum campo" owner="keywords">
<kw name="Wait Until Element Is Visible" owner="SeleniumLibrary">
<arg>css:button.button-register</arg>
<arg>timeout=10s</arg>
<doc>Waits until the element ``locator`` is visible.</doc>
<status status="PASS" start="2025-07-31T12:18:03.617059" elapsed="0.010506"/>
</kw>
<kw name="Click Button" owner="SeleniumLibrary">
<msg time="2025-07-31T12:18:03.627565" level="INFO">Clicking button 'css:button.button-register'.</msg>
<arg>css:button.button-register</arg>
<doc>Clicks the button identified by ``locator``.</doc>
<status status="PASS" start="2025-07-31T12:18:03.627565" elapsed="0.062214"/>
</kw>
<status status="PASS" start="2025-07-31T12:18:03.617059" elapsed="0.072720"/>
</kw>
<kw name="Submeter formulário" owner="keywords">
<kw name="Click Button" owner="SeleniumLibrary">
<msg time="2025-07-31T12:18:03.691286" level="INFO">Clicking button 'xpath=//button[contains(text(), "Cadastrar")]'.</msg>
<arg>xpath=//button[contains(text(), "Cadastrar")]</arg>
<doc>Clicks the button identified by ``locator``.</doc>
<status status="PASS" start="2025-07-31T12:18:03.691286" elapsed="0.052117"/>
</kw>
<status status="PASS" start="2025-07-31T12:18:03.689779" elapsed="0.054623"/>
</kw>
<kw name="Mensagem deve conter" owner="keywords">
<kw name="Wait Until Page Contains" owner="SeleniumLibrary">
<arg>${texto}</arg>
<doc>Waits until ``text`` appears on the current page.</doc>
<status status="PASS" start="2025-07-31T12:18:03.744402" elapsed="0.006503"/>
</kw>
<arg>Informe o seu nome completo</arg>
<status status="PASS" start="2025-07-31T12:18:03.744402" elapsed="0.006503"/>
</kw>
<kw name="Mensagem deve conter" owner="keywords">
<kw name="Wait Until Page Contains" owner="SeleniumLibrary">
<arg>${texto}</arg>
<doc>Waits until ``text`` appears on the current page.</doc>
<status status="PASS" start="2025-07-31T12:18:03.751909" elapsed="0.007003"/>
</kw>
<arg>Informe o seu melhor email</arg>
<status status="PASS" start="2025-07-31T12:18:03.751909" elapsed="0.007003"/>
</kw>
<kw name="Mensagem deve conter" owner="keywords">
<kw name="Wait Until Page Contains" owner="SeleniumLibrary">
<arg>${texto}</arg>
<doc>Waits until ``text`` appears on the current page.</doc>
<status status="PASS" start="2025-07-31T12:18:03.759911" elapsed="0.008594"/>
</kw>
<arg>Informe o seu CPF</arg>
<status status="PASS" start="2025-07-31T12:18:03.759911" elapsed="0.008594"/>
</kw>
<kw name="Mensagem deve conter" owner="keywords">
<kw name="Wait Until Page Contains" owner="SeleniumLibrary">
<arg>${texto}</arg>
<doc>Waits until ``text`` appears on the current page.</doc>
<status status="PASS" start="2025-07-31T12:18:03.768505" elapsed="0.007506"/>
</kw>
<arg>Informe o seu CEP</arg>
<status status="PASS" start="2025-07-31T12:18:03.768505" elapsed="0.007506"/>
</kw>
<kw name="Mensagem deve conter" owner="keywords">
<kw name="Wait Until Page Contains" owner="SeleniumLibrary">
<arg>${texto}</arg>
<doc>Waits until ``text`` appears on the current page.</doc>
<status status="PASS" start="2025-07-31T12:18:03.776011" elapsed="0.020595"/>
</kw>
<arg>Informe um número maior que zero</arg>
<status status="PASS" start="2025-07-31T12:18:03.776011" elapsed="0.020595"/>
</kw>
<kw name="Mensagem deve conter" owner="keywords">
<kw name="Wait Until Page Contains" owner="SeleniumLibrary">
<arg>${texto}</arg>
<doc>Waits until ``text`` appears on the current page.</doc>
<status status="PASS" start="2025-07-31T12:18:03.797685" elapsed="0.006151"/>
</kw>
<arg>Adcione um documento com foto (RG ou CHN)</arg>
<status status="PASS" start="2025-07-31T12:18:03.796606" elapsed="0.007230"/>
</kw>
<kw name="Close Browser" owner="SeleniumLibrary" type="TEARDOWN">
<doc>Closes the current browser.</doc>
<status status="PASS" start="2025-07-31T12:18:03.804842" elapsed="2.137200"/>
</kw>
<tag>negativo</tag>
<status status="PASS" start="2025-07-31T12:18:01.757722" elapsed="4.184320"/>
</test>
<status status="PASS" start="2025-07-31T12:17:39.932399" elapsed="26.010643"/>
</suite>
<statistics>
<total>
<stat pass="4" fail="0" skip="0">All Tests</stat>
</total>
<tag>
<stat pass="3" fail="0" skip="0">negativo</stat>
<stat pass="1" fail="0" skip="0">positivo</stat>
</tag>
<suite>
<stat name="Cadastro Dogwalker" id="s1" pass="4" fail="0" skip="0">Cadastro Dogwalker</stat>
</suite>
</statistics>
<errors>
</errors>
</robot>
